2014-04-18 22:36:51 Error: [NotFoundException] The requested file was not found
Request URL: /profiles/attachment/47
Stack Trace:
#0 /var/www/web901/html/clubmanager/lib/Cake/View/MediaView.php(93): CakeResponse->file('', Array)
#1 /var/www/web901/html/clubmanager/lib/Cake/Controller/Controller.php(948): MediaView->render(NULL, NULL)
#2 /var/www/web901/html/clubmanager/lib/Cake/Routing/Dispatcher.php(194): Controller->render()
#3 /var/www/web901/html/clubmanager/lib/Cake/Routing/Dispatcher.php(162): Dispatcher->_invoke(Object(ProfilesController), Object(CakeRequest), Object(CakeResponse))
#4 /var/www/web901/html/clubmanager/app/webroot/index.php(109): Dispatcher->dispatch(Object(CakeRequest), Object(CakeResponse))
#5 {main}
2014-04-18 22:36:51 Error: [NotFoundException] The requested file was not found
Request URL: /profiles/attachment/56
Stack Trace:
#0 /var/www/web901/html/clubmanager/lib/Cake/View/MediaView.php(93): CakeResponse->file('', Array)
#1 /var/www/web901/html/clubmanager/lib/Cake/Controller/Controller.php(948): MediaView->render(NULL, NULL)
#2 /var/www/web901/html/clubmanager/lib/Cake/Routing/Dispatcher.php(194): Controller->render()
#3 /var/www/web901/html/clubmanager/lib/Cake/Routing/Dispatcher.php(162): Dispatcher->_invoke(Object(ProfilesController), Object(CakeRequest), Object(CakeResponse))
#4 /var/www/web901/html/clubmanager/app/webroot/index.php(109): Dispatcher->dispatch(Object(CakeRequest), Object(CakeResponse))
#5 {main}
2014-04-18 22:36:51 Error: [NotFoundException] The requested file was not found
Request URL: /profiles/attachment/55
Stack Trace:
#0 /var/www/web901/html/clubmanager/lib/Cake/View/MediaView.php(93): CakeResponse->file('', Array)
#1 /var/www/web901/html/clubmanager/lib/Cake/Controller/Controller.php(948): MediaView->render(NULL, NULL)
#2 /var/www/web901/html/clubmanager/lib/Cake/Routing/Dispatcher.php(194): Controller->render()
#3 /var/www/web901/html/clubmanager/lib/Cake/Routing/Dispatcher.php(162): Dispatcher->_invoke(Object(ProfilesController), Object(CakeRequest), Object(CakeResponse))
#4 /var/www/web901/html/clubmanager/app/webroot/index.php(109): Dispatcher->dispatch(Object(CakeRequest), Object(CakeResponse))
#5 {main}
2014-04-18 22:36:51 Error: [NotFoundException] The requested file was not found
Request URL: /profiles/attachment/59
Stack Trace:
#0 /var/www/web901/html/clubmanager/lib/Cake/View/MediaView.php(93): CakeResponse->file('', Array)
#1 /var/www/web901/html/clubmanager/lib/Cake/Controller/Controller.php(948): MediaView->render(NULL, NULL)
#2 /var/www/web901/html/clubmanager/lib/Cake/Routing/Dispatcher.php(194): Controller->render()
#3 /var/www/web901/html/clubmanager/lib/Cake/Routing/Dispatcher.php(162): Dispatcher->_invoke(Object(ProfilesController), Object(CakeRequest), Object(CakeResponse))
#4 /var/www/web901/html/clubmanager/app/webroot/index.php(109): Dispatcher->dispatch(Object(CakeRequest), Object(CakeResponse))
#5 {main}
2014-04-18 22:36:51 Error: [NotFoundException] The requested file was not found
Request URL: /profiles/attachment/35
Stack Trace:
#0 /var/www/web901/html/clubmanager/lib/Cake/View/MediaView.php(93): CakeResponse->file('', Array)
#1 /var/www/web901/html/clubmanager/lib/Cake/Controller/Controller.php(948): MediaView->render(NULL, NULL)
#2 /var/www/web901/html/clubmanager/lib/Cake/Routing/Dispatcher.php(194): Controller->render()
#3 /var/www/web901/html/clubmanager/lib/Cake/Routing/Dispatcher.php(162): Dispatcher->_invoke(Object(ProfilesController), Object(CakeRequest), Object(CakeResponse))
#4 /var/www/web901/html/clubmanager/app/webroot/index.php(109): Dispatcher->dispatch(Object(CakeRequest), Object(CakeResponse))
#5 {main}
2014-04-18 22:36:51 Error: [NotFoundException] The requested file was not found
Request URL: /profiles/attachment/6
Stack Trace:
#0 /var/www/web901/html/clubmanager/lib/Cake/View/MediaView.php(93): CakeResponse->file('', Array)
#1 /var/www/web901/html/clubmanager/lib/Cake/Controller/Controller.php(948): MediaView->render(NULL, NULL)
#2 /var/www/web901/html/clubmanager/lib/Cake/Routing/Dispatcher.php(194): Controller->render()
#3 /var/www/web901/html/clubmanager/lib/Cake/Routing/Dispatcher.php(162): Dispatcher->_invoke(Object(ProfilesController), Object(CakeRequest), Object(CakeResponse))
#4 /var/www/web901/html/clubmanager/app/webroot/index.php(109): Dispatcher->dispatch(Object(CakeRequest), Object(CakeResponse))
#5 {main}
2014-04-18 22:36:51 Error: [NotFoundException] The requested file was not found
Request URL: /profiles/attachment/33
Stack Trace:
#0 /var/www/web901/html/clubmanager/lib/Cake/View/MediaView.php(93): CakeResponse->file('', Array)
#1 /var/www/web901/html/clubmanager/lib/Cake/Controller/Controller.php(948): MediaView->render(NULL, NULL)
#2 /var/www/web901/html/clubmanager/lib/Cake/Routing/Dispatcher.php(194): Controller->render()
#3 /var/www/web901/html/clubmanager/lib/Cake/Routing/Dispatcher.php(162): Dispatcher->_invoke(Object(ProfilesController), Object(CakeRequest), Object(CakeResponse))
#4 /var/www/web901/html/clubmanager/app/webroot/index.php(109): Dispatcher->dispatch(Object(CakeRequest), Object(CakeResponse))
#5 {main}
2014-04-18 22:36:51 Error: [NotFoundException] The requested file was not found
Request URL: /profiles/attachment/43
Stack Trace:
#0 /var/www/web901/html/clubmanager/lib/Cake/View/MediaView.php(93): CakeResponse->file('', Array)
#1 /var/www/web901/html/clubmanager/lib/Cake/Controller/Controller.php(948): MediaView->render(NULL, NULL)
#2 /var/www/web901/html/clubmanager/lib/Cake/Routing/Dispatcher.php(194): Controller->render()
#3 /var/www/web901/html/clubmanager/lib/Cake/Routing/Dispatcher.php(162): Dispatcher->_invoke(Object(ProfilesController), Object(CakeRequest), Object(CakeResponse))
#4 /var/www/web901/html/clubmanager/app/webroot/index.php(109): Dispatcher->dispatch(Object(CakeRequest), Object(CakeResponse))
#5 {main}
2014-04-18 22:36:51 Error: [NotFoundException] The requested file was not found
Request URL: /profiles/attachment/28
Stack Trace:
#0 /var/www/web901/html/clubmanager/lib/Cake/View/MediaView.php(93): CakeResponse->file('', Array)
#1 /var/www/web901/html/clubmanager/lib/Cake/Controller/Controller.php(948): MediaView->render(NULL, NULL)
#2 /var/www/web901/html/clubmanager/lib/Cake/Routing/Dispatcher.php(194): Controller->render()
#3 /var/www/web901/html/clubmanager/lib/Cake/Routing/Dispatcher.php(162): Dispatcher->_invoke(Object(ProfilesController), Object(CakeRequest), Object(CakeResponse))
#4 /var/www/web901/html/clubmanager/app/webroot/index.php(109): Dispatcher->dispatch(Object(CakeRequest), Object(CakeResponse))
#5 {main}
2014-04-18 22:36:51 Error: [NotFoundException] The requested file was not found
Request URL: /profiles/attachment/27
Stack Trace:
#0 /var/www/web901/html/clubmanager/lib/Cake/View/MediaView.php(93): CakeResponse->file('', Array)
#1 /var/www/web901/html/clubmanager/lib/Cake/Controller/Controller.php(948): MediaView->render(NULL, NULL)
#2 /var/www/web901/html/clubmanager/lib/Cake/Routing/Dispatcher.php(194): Controller->render()
#3 /var/www/web901/html/clubmanager/lib/Cake/Routing/Dispatcher.php(162): Dispatcher->_invoke(Object(ProfilesController), Object(CakeRequest), Object(CakeResponse))
#4 /var/www/web901/html/clubmanager/app/webroot/index.php(109): Dispatcher->dispatch(Object(CakeRequest), Object(CakeResponse))
#5 {main}
2014-04-18 22:36:51 Error: [NotFoundException] The requested file was not found
Request URL: /profiles/attachment/54
Stack Trace:
#0 /var/www/web901/html/clubmanager/lib/Cake/View/MediaView.php(93): CakeResponse->file('', Array)
#1 /var/www/web901/html/clubmanager/lib/Cake/Controller/Controller.php(948): MediaView->render(NULL, NULL)
#2 /var/www/web901/html/clubmanager/lib/Cake/Routing/Dispatcher.php(194): Controller->render()
#3 /var/www/web901/html/clubmanager/lib/Cake/Routing/Dispatcher.php(162): Dispatcher->_invoke(Object(ProfilesController), Object(CakeRequest), Object(CakeResponse))
#4 /var/www/web901/html/clubmanager/app/webroot/index.php(109): Dispatcher->dispatch(Object(CakeRequest), Object(CakeResponse))
#5 {main}
2014-04-18 22:36:51 Error: [NotFoundException] The requested file was not found
Request URL: /profiles/attachment/15
Stack Trace:
#0 /var/www/web901/html/clubmanager/lib/Cake/View/MediaView.php(93): CakeResponse->file('', Array)
#1 /var/www/web901/html/clubmanager/lib/Cake/Controller/Controller.php(948): MediaView->render(NULL, NULL)
#2 /var/www/web901/html/clubmanager/lib/Cake/Routing/Dispatcher.php(194): Controller->render()
#3 /var/www/web901/html/clubmanager/lib/Cake/Routing/Dispatcher.php(162): Dispatcher->_invoke(Object(ProfilesController), Object(CakeRequest), Object(CakeResponse))
#4 /var/www/web901/html/clubmanager/app/webroot/index.php(109): Dispatcher->dispatch(Object(CakeRequest), Object(CakeResponse))
#5 {main}
2014-04-18 22:36:52 Error: [NotFoundException] The requested file was not found
Request URL: /profiles/attachment/42
Stack Trace:
#0 /var/www/web901/html/clubmanager/lib/Cake/View/MediaView.php(93): CakeResponse->file('', Array)
#1 /var/www/web901/html/clubmanager/lib/Cake/Controller/Controller.php(948): MediaView->render(NULL, NULL)
#2 /var/www/web901/html/clubmanager/lib/Cake/Routing/Dispatcher.php(194): Controller->render()
#3 /var/www/web901/html/clubmanager/lib/Cake/Routing/Dispatcher.php(162): Dispatcher->_invoke(Object(ProfilesController), Object(CakeRequest), Object(CakeResponse))
#4 /var/www/web901/html/clubmanager/app/webroot/index.php(109): Dispatcher->dispatch(Object(CakeRequest), Object(CakeResponse))
#5 {main}
2014-04-18 22:36:52 Error: [NotFoundException] The requested file was not found
Request URL: /profiles/attachment/53
Stack Trace:
#0 /var/www/web901/html/clubmanager/lib/Cake/View/MediaView.php(93): CakeResponse->file('', Array)
#1 /var/www/web901/html/clubmanager/lib/Cake/Controller/Controller.php(948): MediaView->render(NULL, NULL)
#2 /var/www/web901/html/clubmanager/lib/Cake/Routing/Dispatcher.php(194): Controller->render()
#3 /var/www/web901/html/clubmanager/lib/Cake/Routing/Dispatcher.php(162): Dispatcher->_invoke(Object(ProfilesController), Object(CakeRequest), Object(CakeResponse))
#4 /var/www/web901/html/clubmanager/app/webroot/index.php(109): Dispatcher->dispatch(Object(CakeRequest), Object(CakeResponse))
#5 {main}
2014-04-18 22:36:52 Error: [NotFoundException] The requested file was not found
Request URL: /profiles/attachment/39
Stack Trace:
#0 /var/www/web901/html/clubmanager/lib/Cake/View/MediaView.php(93): CakeResponse->file('', Array)
#1 /var/www/web901/html/clubmanager/lib/Cake/Controller/Controller.php(948): MediaView->render(NULL, NULL)
#2 /var/www/web901/html/clubmanager/lib/Cake/Routing/Dispatcher.php(194): Controller->render()
#3 /var/www/web901/html/clubmanager/lib/Cake/Routing/Dispatcher.php(162): Dispatcher->_invoke(Object(ProfilesController), Object(CakeRequest), Object(CakeResponse))
#4 /var/www/web901/html/clubmanager/app/webroot/index.php(109): Dispatcher->dispatch(Object(CakeRequest), Object(CakeResponse))
#5 {main}
2014-04-18 22:36:52 Error: [NotFoundException] The requested file was not found
Request URL: /profiles/attachment/37
Stack Trace:
#0 /var/www/web901/html/clubmanager/lib/Cake/View/MediaView.php(93): CakeResponse->file('', Array)
#1 /var/www/web901/html/clubmanager/lib/Cake/Controller/Controller.php(948): MediaView->render(NULL, NULL)
#2 /var/www/web901/html/clubmanager/lib/Cake/Routing/Dispatcher.php(194): Controller->render()
#3 /var/www/web901/html/clubmanager/lib/Cake/Routing/Dispatcher.php(162): Dispatcher->_invoke(Object(ProfilesController), Object(CakeRequest), Object(CakeResponse))
#4 /var/www/web901/html/clubmanager/app/webroot/index.php(109): Dispatcher->dispatch(Object(CakeRequest), Object(CakeResponse))
#5 {main}
2014-04-18 22:36:52 Error: [NotFoundException] The requested file was not found
Request URL: /profiles/attachment/26
Stack Trace:
#0 /var/www/web901/html/clubmanager/lib/Cake/View/MediaView.php(93): CakeResponse->file('', Array)
#1 /var/www/web901/html/clubmanager/lib/Cake/Controller/Controller.php(948): MediaView->render(NULL, NULL)
#2 /var/www/web901/html/clubmanager/lib/Cake/Routing/Dispatcher.php(194): Controller->render()
#3 /var/www/web901/html/clubmanager/lib/Cake/Routing/Dispatcher.php(162): Dispatcher->_invoke(Object(ProfilesController), Object(CakeRequest), Object(CakeResponse))
#4 /var/www/web901/html/clubmanager/app/webroot/index.php(109): Dispatcher->dispatch(Object(CakeRequest), Object(CakeResponse))
#5 {main}
2014-04-18 22:36:52 Error: [NotFoundException] The requested file was not found
Request URL: /profiles/attachment/58
Stack Trace:
#0 /var/www/web901/html/clubmanager/lib/Cake/View/MediaView.php(93): CakeResponse->file('', Array)
#1 /var/www/web901/html/clubmanager/lib/Cake/Controller/Controller.php(948): MediaView->render(NULL, NULL)
#2 /var/www/web901/html/clubmanager/lib/Cake/Routing/Dispatcher.php(194): Controller->render()
#3 /var/www/web901/html/clubmanager/lib/Cake/Routing/Dispatcher.php(162): Dispatcher->_invoke(Object(ProfilesController), Object(CakeRequest), Object(CakeResponse))
#4 /var/www/web901/html/clubmanager/app/webroot/index.php(109): Dispatcher->dispatch(Object(CakeRequest), Object(CakeResponse))
#5 {main}
2014-04-18 22:36:52 Error: [NotFoundException] The requested file was not found
Request URL: /profiles/attachment/60
Stack Trace:
#0 /var/www/web901/html/clubmanager/lib/Cake/View/MediaView.php(93): CakeResponse->file('', Array)
#1 /var/www/web901/html/clubmanager/lib/Cake/Controller/Controller.php(948): MediaView->render(NULL, NULL)
#2 /var/www/web901/html/clubmanager/lib/Cake/Routing/Dispatcher.php(194): Controller->render()
#3 /var/www/web901/html/clubmanager/lib/Cake/Routing/Dispatcher.php(162): Dispatcher->_invoke(Object(ProfilesController), Object(CakeRequest), Object(CakeResponse))
#4 /var/www/web901/html/clubmanager/app/webroot/index.php(109): Dispatcher->dispatch(Object(CakeRequest), Object(CakeResponse))
#5 {main}
2014-04-18 22:36:52 Error: [NotFoundException] The requested file was not found
Request URL: /profiles/attachment/29
Stack Trace:
#0 /var/www/web901/html/clubmanager/lib/Cake/View/MediaView.php(93): CakeResponse->file('', Array)
#1 /var/www/web901/html/clubmanager/lib/Cake/Controller/Controller.php(948): MediaView->render(NULL, NULL)
#2 /var/www/web901/html/clubmanager/lib/Cake/Routing/Dispatcher.php(194): Controller->render()
#3 /var/www/web901/html/clubmanager/lib/Cake/Routing/Dispatcher.php(162): Dispatcher->_invoke(Object(ProfilesController), Object(CakeRequest), Object(CakeResponse))
#4 /var/www/web901/html/clubmanager/app/webroot/index.php(109): Dispatcher->dispatch(Object(CakeRequest), Object(CakeResponse))
#5 {main}
2014-04-18 22:36:52 Error: [NotFoundException] The requested file was not found
Request URL: /profiles/attachment/9
Stack Trace:
#0 /var/www/web901/html/clubmanager/lib/Cake/View/MediaView.php(93): CakeResponse->file('', Array)
#1 /var/www/web901/html/clubmanager/lib/Cake/Controller/Controller.php(948): MediaView->render(NULL, NULL)
#2 /var/www/web901/html/clubmanager/lib/Cake/Routing/Dispatcher.php(194): Controller->render()
#3 /var/www/web901/html/clubmanager/lib/Cake/Routing/Dispatcher.php(162): Dispatcher->_invoke(Object(ProfilesController), Object(CakeRequest), Object(CakeResponse))
#4 /var/www/web901/html/clubmanager/app/webroot/index.php(109): Dispatcher->dispatch(Object(CakeRequest), Object(CakeResponse))
#5 {main}
2014-04-18 22:36:52 Error: [NotFoundException] The requested file was not found
Request URL: /profiles/attachment/14
Stack Trace:
#0 /var/www/web901/html/clubmanager/lib/Cake/View/MediaView.php(93): CakeResponse->file('', Array)
#1 /var/www/web901/html/clubmanager/lib/Cake/Controller/Controller.php(948): MediaView->render(NULL, NULL)
#2 /var/www/web901/html/clubmanager/lib/Cake/Routing/Dispatcher.php(194): Controller->render()
#3 /var/www/web901/html/clubmanager/lib/Cake/Routing/Dispatcher.php(162): Dispatcher->_invoke(Object(ProfilesController), Object(CakeRequest), Object(CakeResponse))
#4 /var/www/web901/html/clubmanager/app/webroot/index.php(109): Dispatcher->dispatch(Object(CakeRequest), Object(CakeResponse))
#5 {main}
2014-04-18 22:36:52 Error: [NotFoundException] The requested file was not found
Request URL: /profiles/attachment/17
Stack Trace:
#0 /var/www/web901/html/clubmanager/lib/Cake/View/MediaView.php(93): CakeResponse->file('', Array)
#1 /var/www/web901/html/clubmanager/lib/Cake/Controller/Controller.php(948): MediaView->render(NULL, NULL)
#2 /var/www/web901/html/clubmanager/lib/Cake/Routing/Dispatcher.php(194): Controller->render()
#3 /var/www/web901/html/clubmanager/lib/Cake/Routing/Dispatcher.php(162): Dispatcher->_invoke(Object(ProfilesController), Object(CakeRequest), Object(CakeResponse))
#4 /var/www/web901/html/clubmanager/app/webroot/index.php(109): Dispatcher->dispatch(Object(CakeRequest), Object(CakeResponse))
#5 {main}
2014-04-18 22:36:52 Error: [NotFoundException] The requested file was not found
Request URL: /profiles/attachment/63
Stack Trace:
#0 /var/www/web901/html/clubmanager/lib/Cake/View/MediaView.php(93): CakeResponse->file('', Array)
#1 /var/www/web901/html/clubmanager/lib/Cake/Controller/Controller.php(948): MediaView->render(NULL, NULL)
#2 /var/www/web901/html/clubmanager/lib/Cake/Routing/Dispatcher.php(194): Controller->render()
#3 /var/www/web901/html/clubmanager/lib/Cake/Routing/Dispatcher.php(162): Dispatcher->_invoke(Object(ProfilesController), Object(CakeRequest), Object(CakeResponse))
#4 /var/www/web901/html/clubmanager/app/webroot/index.php(109): Dispatcher->dispatch(Object(CakeRequest), Object(CakeResponse))
#5 {main}
2014-04-18 22:36:52 Error: [NotFoundException] The requested file was not found
Request URL: /profiles/attachment/8
Stack Trace:
#0 /var/www/web901/html/clubmanager/lib/Cake/View/MediaView.php(93): CakeResponse->file('', Array)
#1 /var/www/web901/html/clubmanager/lib/Cake/Controller/Controller.php(948): MediaView->render(NULL, NULL)
#2 /var/www/web901/html/clubmanager/lib/Cake/Routing/Dispatcher.php(194): Controller->render()
#3 /var/www/web901/html/clubmanager/lib/Cake/Routing/Dispatcher.php(162): Dispatcher->_invoke(Object(ProfilesController), Object(CakeRequest), Object(CakeResponse))
#4 /var/www/web901/html/clubmanager/app/webroot/index.php(109): Dispatcher->dispatch(Object(CakeRequest), Object(CakeResponse))
#5 {main}
2014-04-18 22:36:52 Error: [NotFoundException] The requested file was not found
Request URL: /profiles/attachment/13
Stack Trace:
#0 /var/www/web901/html/clubmanager/lib/Cake/View/MediaView.php(93): CakeResponse->file('', Array)
#1 /var/www/web901/html/clubmanager/lib/Cake/Controller/Controller.php(948): MediaView->render(NULL, NULL)
#2 /var/www/web901/html/clubmanager/lib/Cake/Routing/Dispatcher.php(194): Controller->render()
#3 /var/www/web901/html/clubmanager/lib/Cake/Routing/Dispatcher.php(162): Dispatcher->_invoke(Object(ProfilesController), Object(CakeRequest), Object(CakeResponse))
#4 /var/www/web901/html/clubmanager/app/webroot/index.php(109): Dispatcher->dispatch(Object(CakeRequest), Object(CakeResponse))
#5 {main}
2014-04-18 22:36:52 Error: [NotFoundException] The requested file was not found
Request URL: /profiles/attachment/31
Stack Trace:
#0 /var/www/web901/html/clubmanager/lib/Cake/View/MediaView.php(93): CakeResponse->file('', Array)
#1 /var/www/web901/html/clubmanager/lib/Cake/Controller/Controller.php(948): MediaView->render(NULL, NULL)
#2 /var/www/web901/html/clubmanager/lib/Cake/Routing/Dispatcher.php(194): Controller->render()
#3 /var/www/web901/html/clubmanager/lib/Cake/Routing/Dispatcher.php(162): Dispatcher->_invoke(Object(ProfilesController), Object(CakeRequest), Object(CakeResponse))
#4 /var/www/web901/html/clubmanager/app/webroot/index.php(109): Dispatcher->dispatch(Object(CakeRequest), Object(CakeResponse))
#5 {main}
2014-04-18 22:36:52 Error: [NotFoundException] The requested file was not found
Request URL: /profiles/attachment/46
Stack Trace:
#0 /var/www/web901/html/clubmanager/lib/Cake/View/MediaView.php(93): CakeResponse->file('', Array)
#1 /var/www/web901/html/clubmanager/lib/Cake/Controller/Controller.php(948): MediaView->render(NULL, NULL)
#2 /var/www/web901/html/clubmanager/lib/Cake/Routing/Dispatcher.php(194): Controller->render()
#3 /var/www/web901/html/clubmanager/lib/Cake/Routing/Dispatcher.php(162): Dispatcher->_invoke(Object(ProfilesController), Object(CakeRequest), Object(CakeResponse))
#4 /var/www/web901/html/clubmanager/app/webroot/index.php(109): Dispatcher->dispatch(Object(CakeRequest), Object(CakeResponse))
#5 {main}
2014-04-18 22:36:52 Error: [NotFoundException] The requested file was not found
Request URL: /profiles/attachment/38
Stack Trace:
#0 /var/www/web901/html/clubmanager/lib/Cake/View/MediaView.php(93): CakeResponse->file('', Array)
#1 /var/www/web901/html/clubmanager/lib/Cake/Controller/Controller.php(948): MediaView->render(NULL, NULL)
#2 /var/www/web901/html/clubmanager/lib/Cake/Routing/Dispatcher.php(194): Controller->render()
#3 /var/www/web901/html/clubmanager/lib/Cake/Routing/Dispatcher.php(162): Dispatcher->_invoke(Object(ProfilesController), Object(CakeRequest), Object(CakeResponse))
#4 /var/www/web901/html/clubmanager/app/webroot/index.php(109): Dispatcher->dispatch(Object(CakeRequest), Object(CakeResponse))
#5 {main}
2014-04-18 22:36:52 Error: [NotFoundException] The requested file was not found
Request URL: /profiles/attachment/40
Stack Trace:
#0 /var/www/web901/html/clubmanager/lib/Cake/View/MediaView.php(93): CakeResponse->file('', Array)
#1 /var/www/web901/html/clubmanager/lib/Cake/Controller/Controller.php(948): MediaView->render(NULL, NULL)
#2 /var/www/web901/html/clubmanager/lib/Cake/Routing/Dispatcher.php(194): Controller->render()
#3 /var/www/web901/html/clubmanager/lib/Cake/Routing/Dispatcher.php(162): Dispatcher->_invoke(Object(ProfilesController), Object(CakeRequest), Object(CakeResponse))
#4 /var/www/web901/html/clubmanager/app/webroot/index.php(109): Dispatcher->dispatch(Object(CakeRequest), Object(CakeResponse))
#5 {main}
2014-04-18 22:36:52 Error: [NotFoundException] The requested file was not found
Request URL: /profiles/attachment/19
Stack Trace:
#0 /var/www/web901/html/clubmanager/lib/Cake/View/MediaView.php(93): CakeResponse->file('', Array)
#1 /var/www/web901/html/clubmanager/lib/Cake/Controller/Controller.php(948): MediaView->render(NULL, NULL)
#2 /var/www/web901/html/clubmanager/lib/Cake/Routing/Dispatcher.php(194): Controller->render()
#3 /var/www/web901/html/clubmanager/lib/Cake/Routing/Dispatcher.php(162): Dispatcher->_invoke(Object(ProfilesController), Object(CakeRequest), Object(CakeResponse))
#4 /var/www/web901/html/clubmanager/app/webroot/index.php(109): Dispatcher->dispatch(Object(CakeRequest), Object(CakeResponse))
#5 {main}
2014-04-18 22:36:52 Error: [NotFoundException] The requested file was not found
Request URL: /profiles/attachment/22
Stack Trace:
#0 /var/www/web901/html/clubmanager/lib/Cake/View/MediaView.php(93): CakeResponse->file('', Array)
#1 /var/www/web901/html/clubmanager/lib/Cake/Controller/Controller.php(948): MediaView->render(NULL, NULL)
#2 /var/www/web901/html/clubmanager/lib/Cake/Routing/Dispatcher.php(194): Controller->render()
#3 /var/www/web901/html/clubmanager/lib/Cake/Routing/Dispatcher.php(162): Dispatcher->_invoke(Object(ProfilesController), Object(CakeRequest), Object(CakeResponse))
#4 /var/www/web901/html/clubmanager/app/webroot/index.php(109): Dispatcher->dispatch(Object(CakeRequest), Object(CakeResponse))
#5 {main}
2014-04-18 22:36:52 Error: [NotFoundException] The requested file was not found
Request URL: /profiles/attachment/24
Stack Trace:
#0 /var/www/web901/html/clubmanager/lib/Cake/View/MediaView.php(93): CakeResponse->file('', Array)
#1 /var/www/web901/html/clubmanager/lib/Cake/Controller/Controller.php(948): MediaView->render(NULL, NULL)
#2 /var/www/web901/html/clubmanager/lib/Cake/Routing/Dispatcher.php(194): Controller->render()
#3 /var/www/web901/html/clubmanager/lib/Cake/Routing/Dispatcher.php(162): Dispatcher->_invoke(Object(ProfilesController), Object(CakeRequest), Object(CakeResponse))
#4 /var/www/web901/html/clubmanager/app/webroot/index.php(109): Dispatcher->dispatch(Object(CakeRequest), Object(CakeResponse))
#5 {main}
2014-04-18 22:36:53 Error: [NotFoundException] The requested file was not found
Request URL: /profiles/attachment/25
Stack Trace:
#0 /var/www/web901/html/clubmanager/lib/Cake/View/MediaView.php(93): CakeResponse->file('', Array)
#1 /var/www/web901/html/clubmanager/lib/Cake/Controller/Controller.php(948): MediaView->render(NULL, NULL)
#2 /var/www/web901/html/clubmanager/lib/Cake/Routing/Dispatcher.php(194): Controller->render()
#3 /var/www/web901/html/clubmanager/lib/Cake/Routing/Dispatcher.php(162): Dispatcher->_invoke(Object(ProfilesController), Object(CakeRequest), Object(CakeResponse))
#4 /var/www/web901/html/clubmanager/app/webroot/index.php(109): Dispatcher->dispatch(Object(CakeRequest), Object(CakeResponse))
#5 {main}
2014-04-18 22:36:53 Error: [NotFoundException] The requested file was not found
Request URL: /profiles/attachment/18
Stack Trace:
#0 /var/www/web901/html/clubmanager/lib/Cake/View/MediaView.php(93): CakeResponse->file('', Array)
#1 /var/www/web901/html/clubmanager/lib/Cake/Controller/Controller.php(948): MediaView->render(NULL, NULL)
#2 /var/www/web901/html/clubmanager/lib/Cake/Routing/Dispatcher.php(194): Controller->render()
#3 /var/www/web901/html/clubmanager/lib/Cake/Routing/Dispatcher.php(162): Dispatcher->_invoke(Object(ProfilesController), Object(CakeRequest), Object(CakeResponse))
#4 /var/www/web901/html/clubmanager/app/webroot/index.php(109): Dispatcher->dispatch(Object(CakeRequest), Object(CakeResponse))
#5 {main}
2014-04-18 22:36:53 Error: [NotFoundException] The requested file was not found
Request URL: /profiles/attachment/34
Stack Trace:
#0 /var/www/web901/html/clubmanager/lib/Cake/View/MediaView.php(93): CakeResponse->file('', Array)
#1 /var/www/web901/html/clubmanager/lib/Cake/Controller/Controller.php(948): MediaView->render(NULL, NULL)
#2 /var/www/web901/html/clubmanager/lib/Cake/Routing/Dispatcher.php(194): Controller->render()
#3 /var/www/web901/html/clubmanager/lib/Cake/Routing/Dispatcher.php(162): Dispatcher->_invoke(Object(ProfilesController), Object(CakeRequest), Object(CakeResponse))
#4 /var/www/web901/html/clubmanager/app/webroot/index.php(109): Dispatcher->dispatch(Object(CakeRequest), Object(CakeResponse))
#5 {main}
2014-04-18 22:36:53 Error: [NotFoundException] The requested file was not found
Request URL: /profiles/attachment/44
Stack Trace:
#0 /var/www/web901/html/clubmanager/lib/Cake/View/MediaView.php(93): CakeResponse->file('', Array)
#1 /var/www/web901/html/clubmanager/lib/Cake/Controller/Controller.php(948): MediaView->render(NULL, NULL)
#2 /var/www/web901/html/clubmanager/lib/Cake/Routing/Dispatcher.php(194): Controller->render()
#3 /var/www/web901/html/clubmanager/lib/Cake/Routing/Dispatcher.php(162): Dispatcher->_invoke(Object(ProfilesController), Object(CakeRequest), Object(CakeResponse))
#4 /var/www/web901/html/clubmanager/app/webroot/index.php(109): Dispatcher->dispatch(Object(CakeRequest), Object(CakeResponse))
#5 {main}
2014-04-18 22:36:53 Error: [NotFoundException] The requested file was not found
Request URL: /profiles/attachment/48
Stack Trace:
#0 /var/www/web901/html/clubmanager/lib/Cake/View/MediaView.php(93): CakeResponse->file('', Array)
#1 /var/www/web901/html/clubmanager/lib/Cake/Controller/Controller.php(948): MediaView->render(NULL, NULL)
#2 /var/www/web901/html/clubmanager/lib/Cake/Routing/Dispatcher.php(194): Controller->render()
#3 /var/www/web901/html/clubmanager/lib/Cake/Routing/Dispatcher.php(162): Dispatcher->_invoke(Object(ProfilesController), Object(CakeRequest), Object(CakeResponse))
#4 /var/www/web901/html/clubmanager/app/webroot/index.php(109): Dispatcher->dispatch(Object(CakeRequest), Object(CakeResponse))
#5 {main}
2014-04-18 22:36:53 Error: [NotFoundException] The requested file was not found
Request URL: /profiles/attachment/5
Stack Trace:
#0 /var/www/web901/html/clubmanager/lib/Cake/View/MediaView.php(93): CakeResponse->file('', Array)
#1 /var/www/web901/html/clubmanager/lib/Cake/Controller/Controller.php(948): MediaView->render(NULL, NULL)
#2 /var/www/web901/html/clubmanager/lib/Cake/Routing/Dispatcher.php(194): Controller->render()
#3 /var/www/web901/html/clubmanager/lib/Cake/Routing/Dispatcher.php(162): Dispatcher->_invoke(Object(ProfilesController), Object(CakeRequest), Object(CakeResponse))
#4 /var/www/web901/html/clubmanager/app/webroot/index.php(109): Dispatcher->dispatch(Object(CakeRequest), Object(CakeResponse))
#5 {main}
2014-04-18 22:36:53 Error: [NotFoundException] The requested file was not found
Request URL: /profiles/attachment/61
Stack Trace:
#0 /var/www/web901/html/clubmanager/lib/Cake/View/MediaView.php(93): CakeResponse->file('', Array)
#1 /var/www/web901/html/clubmanager/lib/Cake/Controller/Controller.php(948): MediaView->render(NULL, NULL)
#2 /var/www/web901/html/clubmanager/lib/Cake/Routing/Dispatcher.php(194): Controller->render()
#3 /var/www/web901/html/clubmanager/lib/Cake/Routing/Dispatcher.php(162): Dispatcher->_invoke(Object(ProfilesController), Object(CakeRequest), Object(CakeResponse))
#4 /var/www/web901/html/clubmanager/app/webroot/index.php(109): Dispatcher->dispatch(Object(CakeRequest), Object(CakeResponse))
#5 {main}
2014-04-18 22:36:53 Error: [NotFoundException] The requested file was not found
Request URL: /profiles/attachment/52
Stack Trace:
#0 /var/www/web901/html/clubmanager/lib/Cake/View/MediaView.php(93): CakeResponse->file('', Array)
#1 /var/www/web901/html/clubmanager/lib/Cake/Controller/Controller.php(948): MediaView->render(NULL, NULL)
#2 /var/www/web901/html/clubmanager/lib/Cake/Routing/Dispatcher.php(194): Controller->render()
#3 /var/www/web901/html/clubmanager/lib/Cake/Routing/Dispatcher.php(162): Dispatcher->_invoke(Object(ProfilesController), Object(CakeRequest), Object(CakeResponse))
#4 /var/www/web901/html/clubmanager/app/webroot/index.php(109): Dispatcher->dispatch(Object(CakeRequest), Object(CakeResponse))
#5 {main}
2014-04-18 22:36:53 Error: [NotFoundException] The requested file was not found
Request URL: /profiles/attachment/50
Stack Trace:
#0 /var/www/web901/html/clubmanager/lib/Cake/View/MediaView.php(93): CakeResponse->file('', Array)
#1 /var/www/web901/html/clubmanager/lib/Cake/Controller/Controller.php(948): MediaView->render(NULL, NULL)
#2 /var/www/web901/html/clubmanager/lib/Cake/Routing/Dispatcher.php(194): Controller->render()
#3 /var/www/web901/html/clubmanager/lib/Cake/Routing/Dispatcher.php(162): Dispatcher->_invoke(Object(ProfilesController), Object(CakeRequest), Object(CakeResponse))
#4 /var/www/web901/html/clubmanager/app/webroot/index.php(109): Dispatcher->dispatch(Object(CakeRequest), Object(CakeResponse))
#5 {main}
2014-04-18 22:36:53 Error: [NotFoundException] The requested file was not found
Request URL: /profiles/attachment/49
Stack Trace:
#0 /var/www/web901/html/clubmanager/lib/Cake/View/MediaView.php(93): CakeResponse->file('', Array)
#1 /var/www/web901/html/clubmanager/lib/Cake/Controller/Controller.php(948): MediaView->render(NULL, NULL)
#2 /var/www/web901/html/clubmanager/lib/Cake/Routing/Dispatcher.php(194): Controller->render()
#3 /var/www/web901/html/clubmanager/lib/Cake/Routing/Dispatcher.php(162): Dispatcher->_invoke(Object(ProfilesController), Object(CakeRequest), Object(CakeResponse))
#4 /var/www/web901/html/clubmanager/app/webroot/index.php(109): Dispatcher->dispatch(Object(CakeRequest), Object(CakeResponse))
#5 {main}
2014-04-18 22:36:53 Error: [NotFoundException] The requested file was not found
Request URL: /profiles/attachment/51
Stack Trace:
#0 /var/www/web901/html/clubmanager/lib/Cake/View/MediaView.php(93): CakeResponse->file('', Array)
#1 /var/www/web901/html/clubmanager/lib/Cake/Controller/Controller.php(948): MediaView->render(NULL, NULL)
#2 /var/www/web901/html/clubmanager/lib/Cake/Routing/Dispatcher.php(194): Controller->render()
#3 /var/www/web901/html/clubmanager/lib/Cake/Routing/Dispatcher.php(162): Dispatcher->_invoke(Object(ProfilesController), Object(CakeRequest), Object(CakeResponse))
#4 /var/www/web901/html/clubmanager/app/webroot/index.php(109): Dispatcher->dispatch(Object(CakeRequest), Object(CakeResponse))
#5 {main}
2014-04-18 22:36:53 Warning: Warning (2): Cannot set max_execution_time above master value of 30 (tried to set unlimited) in [/var/www/web901/html/clubmanager/lib/Cake/Network/CakeResponse.php, line 1303]
Trace:
set_time_limit - [internal], line ??
CakeResponse::_sendFile() - CORE/Cake/Network/CakeResponse.php, line 1303
CakeResponse::send() - CORE/Cake/Network/CakeResponse.php, line 415
MediaView::render() - CORE/Cake/View/MediaView.php, line 98
Controller::render() - CORE/Cake/Controller/Controller.php, line 948
Dispatcher::_invoke() - CORE/Cake/Routing/Dispatcher.php, line 194
Dispatcher::dispatch() - CORE/Cake/Routing/Dispatcher.php, line 162
[main] - APP/webroot/index.php, line 109

2014-04-18 22:36:53 Warning: Warning (2): Cannot set max_execution_time above master value of 30 (tried to set unlimited) in [/var/www/web901/html/clubmanager/lib/Cake/Network/CakeResponse.php, line 1303]
Trace:
set_time_limit - [internal], line ??
CakeResponse::_sendFile() - CORE/Cake/Network/CakeResponse.php, line 1303
CakeResponse::send() - CORE/Cake/Network/CakeResponse.php, line 415
MediaView::render() - CORE/Cake/View/MediaView.php, line 98
Controller::render() - CORE/Cake/Controller/Controller.php, line 948
Dispatcher::_invoke() - CORE/Cake/Routing/Dispatcher.php, line 194
Dispatcher::dispatch() - CORE/Cake/Routing/Dispatcher.php, line 162
[main] - APP/webroot/index.php, line 109

2014-04-18 22:36:53 Warning: Warning (2): Cannot set max_execution_time above master value of 30 (tried to set unlimited) in [/var/www/web901/html/clubmanager/lib/Cake/Network/CakeResponse.php, line 1303]
Trace:
set_time_limit - [internal], line ??
CakeResponse::_sendFile() - CORE/Cake/Network/CakeResponse.php, line 1303
CakeResponse::send() - CORE/Cake/Network/CakeResponse.php, line 415
MediaView::render() - CORE/Cake/View/MediaView.php, line 98
Controller::render() - CORE/Cake/Controller/Controller.php, line 948
Dispatcher::_invoke() - CORE/Cake/Routing/Dispatcher.php, line 194
Dispatcher::dispatch() - CORE/Cake/Routing/Dispatcher.php, line 162
[main] - APP/webroot/index.php, line 109

2014-04-18 22:36:53 Warning: Warning (2): Cannot set max_execution_time above master value of 30 (tried to set unlimited) in [/var/www/web901/html/clubmanager/lib/Cake/Network/CakeResponse.php, line 1303]
Trace:
set_time_limit - [internal], line ??
CakeResponse::_sendFile() - CORE/Cake/Network/CakeResponse.php, line 1303
CakeResponse::send() - CORE/Cake/Network/CakeResponse.php, line 415
MediaView::render() - CORE/Cake/View/MediaView.php, line 98
Controller::render() - CORE/Cake/Controller/Controller.php, line 948
Dispatcher::_invoke() - CORE/Cake/Routing/Dispatcher.php, line 194
Dispatcher::dispatch() - CORE/Cake/Routing/Dispatcher.php, line 162
[main] - APP/webroot/index.php, line 109

2014-04-18 22:36:53 Warning: Warning (2): Cannot set max_execution_time above master value of 30 (tried to set unlimited) in [/var/www/web901/html/clubmanager/lib/Cake/Network/CakeResponse.php, line 1303]
Trace:
set_time_limit - [internal], line ??
CakeResponse::_sendFile() - CORE/Cake/Network/CakeResponse.php, line 1303
CakeResponse::send() - CORE/Cake/Network/CakeResponse.php, line 415
MediaView::render() - CORE/Cake/View/MediaView.php, line 98
Controller::render() - CORE/Cake/Controller/Controller.php, line 948
Dispatcher::_invoke() - CORE/Cake/Routing/Dispatcher.php, line 194
Dispatcher::dispatch() - CORE/Cake/Routing/Dispatcher.php, line 162
[main] - APP/webroot/index.php, line 109

2014-04-18 22:36:53 Warning: Warning (2): Cannot set max_execution_time above master value of 30 (tried to set unlimited) in [/var/www/web901/html/clubmanager/lib/Cake/Network/CakeResponse.php, line 1303]
Trace:
set_time_limit - [internal], line ??
CakeResponse::_sendFile() - CORE/Cake/Network/CakeResponse.php, line 1303
CakeResponse::send() - CORE/Cake/Network/CakeResponse.php, line 415
MediaView::render() - CORE/Cake/View/MediaView.php, line 98
Controller::render() - CORE/Cake/Controller/Controller.php, line 948
Dispatcher::_invoke() - CORE/Cake/Routing/Dispatcher.php, line 194
Dispatcher::dispatch() - CORE/Cake/Routing/Dispatcher.php, line 162
[main] - APP/webroot/index.php, line 109

2014-04-18 22:36:53 Warning: Warning (2): Cannot set max_execution_time above master value of 30 (tried to set unlimited) in [/var/www/web901/html/clubmanager/lib/Cake/Network/CakeResponse.php, line 1303]
Trace:
set_time_limit - [internal], line ??
CakeResponse::_sendFile() - CORE/Cake/Network/CakeResponse.php, line 1303
CakeResponse::send() - CORE/Cake/Network/CakeResponse.php, line 415
MediaView::render() - CORE/Cake/View/MediaView.php, line 98
Controller::render() - CORE/Cake/Controller/Controller.php, line 948
Dispatcher::_invoke() - CORE/Cake/Routing/Dispatcher.php, line 194
Dispatcher::dispatch() - CORE/Cake/Routing/Dispatcher.php, line 162
[main] - APP/webroot/index.php, line 109

2014-04-18 22:36:53 Warning: Warning (2): Cannot set max_execution_time above master value of 30 (tried to set unlimited) in [/var/www/web901/html/clubmanager/lib/Cake/Network/CakeResponse.php, line 1303]
Trace:
set_time_limit - [internal], line ??
CakeResponse::_sendFile() - CORE/Cake/Network/CakeResponse.php, line 1303
CakeResponse::send() - CORE/Cake/Network/CakeResponse.php, line 415
MediaView::render() - CORE/Cake/View/MediaView.php, line 98
Controller::render() - CORE/Cake/Controller/Controller.php, line 948
Dispatcher::_invoke() - CORE/Cake/Routing/Dispatcher.php, line 194
Dispatcher::dispatch() - CORE/Cake/Routing/Dispatcher.php, line 162
[main] - APP/webroot/index.php, line 109

2014-04-18 22:36:53 Warning: Warning (2): Cannot set max_execution_time above master value of 30 (tried to set unlimited) in [/var/www/web901/html/clubmanager/lib/Cake/Network/CakeResponse.php, line 1303]
Trace:
set_time_limit - [internal], line ??
CakeResponse::_sendFile() - CORE/Cake/Network/CakeResponse.php, line 1303
CakeResponse::send() - CORE/Cake/Network/CakeResponse.php, line 415
MediaView::render() - CORE/Cake/View/MediaView.php, line 98
Controller::render() - CORE/Cake/Controller/Controller.php, line 948
Dispatcher::_invoke() - CORE/Cake/Routing/Dispatcher.php, line 194
Dispatcher::dispatch() - CORE/Cake/Routing/Dispatcher.php, line 162
[main] - APP/webroot/index.php, line 109

2014-04-18 22:36:53 Warning: Warning (2): Cannot set max_execution_time above master value of 30 (tried to set unlimited) in [/var/www/web901/html/clubmanager/lib/Cake/Network/CakeResponse.php, line 1303]
Trace:
set_time_limit - [internal], line ??
CakeResponse::_sendFile() - CORE/Cake/Network/CakeResponse.php, line 1303
CakeResponse::send() - CORE/Cake/Network/CakeResponse.php, line 415
MediaView::render() - CORE/Cake/View/MediaView.php, line 98
Controller::render() - CORE/Cake/Controller/Controller.php, line 948
Dispatcher::_invoke() - CORE/Cake/Routing/Dispatcher.php, line 194
Dispatcher::dispatch() - CORE/Cake/Routing/Dispatcher.php, line 162
[main] - APP/webroot/index.php, line 109

2014-04-18 22:36:53 Warning: Warning (2): Cannot set max_execution_time above master value of 30 (tried to set unlimited) in [/var/www/web901/html/clubmanager/lib/Cake/Network/CakeResponse.php, line 1303]
Trace:
set_time_limit - [internal], line ??
CakeResponse::_sendFile() - CORE/Cake/Network/CakeResponse.php, line 1303
CakeResponse::send() - CORE/Cake/Network/CakeResponse.php, line 415
MediaView::render() - CORE/Cake/View/MediaView.php, line 98
Controller::render() - CORE/Cake/Controller/Controller.php, line 948
Dispatcher::_invoke() - CORE/Cake/Routing/Dispatcher.php, line 194
Dispatcher::dispatch() - CORE/Cake/Routing/Dispatcher.php, line 162
[main] - APP/webroot/index.php, line 109

2014-04-18 22:36:54 Warning: Warning (2): Cannot set max_execution_time above master value of 30 (tried to set unlimited) in [/var/www/web901/html/clubmanager/lib/Cake/Network/CakeResponse.php, line 1303]
Trace:
set_time_limit - [internal], line ??
CakeResponse::_sendFile() - CORE/Cake/Network/CakeResponse.php, line 1303
CakeResponse::send() - CORE/Cake/Network/CakeResponse.php, line 415
MediaView::render() - CORE/Cake/View/MediaView.php, line 98
Controller::render() - CORE/Cake/Controller/Controller.php, line 948
Dispatcher::_invoke() - CORE/Cake/Routing/Dispatcher.php, line 194
Dispatcher::dispatch() - CORE/Cake/Routing/Dispatcher.php, line 162
[main] - APP/webroot/index.php, line 109

2014-04-18 22:36:54 Warning: Warning (2): Cannot set max_execution_time above master value of 30 (tried to set unlimited) in [/var/www/web901/html/clubmanager/lib/Cake/Network/CakeResponse.php, line 1303]
Trace:
set_time_limit - [internal], line ??
CakeResponse::_sendFile() - CORE/Cake/Network/CakeResponse.php, line 1303
CakeResponse::send() - CORE/Cake/Network/CakeResponse.php, line 415
MediaView::render() - CORE/Cake/View/MediaView.php, line 98
Controller::render() - CORE/Cake/Controller/Controller.php, line 948
Dispatcher::_invoke() - CORE/Cake/Routing/Dispatcher.php, line 194
Dispatcher::dispatch() - CORE/Cake/Routing/Dispatcher.php, line 162
[main] - APP/webroot/index.php, line 109

2014-04-18 22:36:54 Warning: Warning (2): Cannot set max_execution_time above master value of 30 (tried to set unlimited) in [/var/www/web901/html/clubmanager/lib/Cake/Network/CakeResponse.php, line 1303]
Trace:
set_time_limit - [internal], line ??
CakeResponse::_sendFile() - CORE/Cake/Network/CakeResponse.php, line 1303
CakeResponse::send() - CORE/Cake/Network/CakeResponse.php, line 415
MediaView::render() - CORE/Cake/View/MediaView.php, line 98
Controller::render() - CORE/Cake/Controller/Controller.php, line 948
Dispatcher::_invoke() - CORE/Cake/Routing/Dispatcher.php, line 194
Dispatcher::dispatch() - CORE/Cake/Routing/Dispatcher.php, line 162
[main] - APP/webroot/index.php, line 109

2014-04-18 22:36:54 Warning: Warning (2): Cannot set max_execution_time above master value of 30 (tried to set unlimited) in [/var/www/web901/html/clubmanager/lib/Cake/Network/CakeResponse.php, line 1303]
Trace:
set_time_limit - [internal], line ??
CakeResponse::_sendFile() - CORE/Cake/Network/CakeResponse.php, line 1303
CakeResponse::send() - CORE/Cake/Network/CakeResponse.php, line 415
MediaView::render() - CORE/Cake/View/MediaView.php, line 98
Controller::render() - CORE/Cake/Controller/Controller.php, line 948
Dispatcher::_invoke() - CORE/Cake/Routing/Dispatcher.php, line 194
Dispatcher::dispatch() - CORE/Cake/Routing/Dispatcher.php, line 162
[main] - APP/webroot/index.php, line 109

